Copyright 1986-2022 Xilinx, Inc. All Rights Reserved. Copyright 2022-2023 Advanced Micro Devices, Inc. All Rights Reserved.
-----------------------------------------------------------------------------------------------------------------------------------------------------------------------------------------------------
| Tool Version : Vivado v.2023.2 (win64) Build 4029153 Fri Oct 13 20:14:34 MDT 2023
| Date         : Wed Jun 12 19:35:35 2024
| Host         : LAPTOP-8RAI27Q6 running 64-bit major release  (build 9200)
| Command      : report_methodology -file thirtytwoBitFullAdder_methodology_drc_routed.rpt -pb thirtytwoBitFullAdder_methodology_drc_routed.pb -rpx thirtytwoBitFullAdder_methodology_drc_routed.rpx
| Design       : thirtytwoBitFullAdder
| Device       : xc7a200tsbv484-3
| Speed File   : -3
| Design State : Fully Routed
-----------------------------------------------------------------------------------------------------------------------------------------------------------------------------------------------------

Report Methodology

Table of Contents
-----------------
1. REPORT SUMMARY
2. REPORT DETAILS

1. REPORT SUMMARY
-----------------
            Netlist: netlist
          Floorplan: design_1
      Design limits: <entire design considered>
             Max violations: <unlimited>
             Violations found: 0
+------+----------+-------------+------------+
| Rule | Severity | Description | Violations |
+------+----------+-------------+------------+
+------+----------+-------------+------------+

2. REPORT DETAILS
-----------------

